<?xml version="1.0" encoding="UTF-8"?>
<!-- Generated by org.testng.reporters.JUnitReportReporter -->
<testsuite hostname="DESKTOP-KF0V1ML" failures="0" tests="1" name="Package1.HelloDeploy" time="0.008" errors="0" timestamp="2021-02-18T14:50:30 GMT" skipped="0">
  <testcase classname="Package1.HelloDeploy" name="TestOne" time="0.008"/>
  <system-out/>
</testsuite> <!-- Package1.HelloDeploy -->
